#! /usr/local/Cellar/icarus-verilog/10.2_1/bin/vvp
:ivl_version "10.2 (stable)" "(v10_2)";
:ivl_delay_selection "TYPICAL";
:vpi_time_precision + 0;
:vpi_module "system";
:vpi_module "vhdl_sys";
:vpi_module "v2005_math";
:vpi_module "va_math";
S_0x7facdb7001f0 .scope module, "Timer_tb" "Timer_tb" 2 1;
 .timescale 0 0;
v0x7facdb711360_0 .var "clock", 0 0;
v0x7facdb7113f0_0 .net "sig_Completed", 0 0, v0x7facdb710e50_0;  1 drivers
RS_0x1014c40f8 .resolv tri, v0x7facdb710f30_0, v0x7facdb710fd0_0;
v0x7facdb711480_0 .net8 "sig_Full", 0 0, RS_0x1014c40f8;  2 drivers
v0x7facdb711570_0 .var "state", 2 0;
S_0x7facdb700360 .scope module, "uut" "Timer" 2 9, 3 1 0, S_0x7facdb7001f0;
 .timescale 0 0;
    .port_info 0 /INPUT 1 "clock"
    .port_info 1 /INPUT 3 "state"
    .port_info 2 /OUTPUT 1 "sig_Full"
    .port_info 3 /OUTPUT 1 "sig_Temperature"
    .port_info 4 /OUTPUT 1 "sig_Completed"
P_0x7facdb700510 .param/l "FULL_WATER_TIME" 0 3 27, C4<10>;
P_0x7facdb700550 .param/l "REQUIRED_TEMPERATURE_TIME" 0 3 28, C4<11>;
P_0x7facdb700590 .param/l "RINSE_TIME" 0 3 30, C4<11>;
P_0x7facdb7005d0 .param/l "SPIN_TIME" 0 3 31, C4<11>;
P_0x7facdb700610 .param/l "STATE_FILL_WATER" 0 3 21, C4<010>;
P_0x7facdb700650 .param/l "STATE_HEAT_WATER" 0 3 22, C4<011>;
P_0x7facdb700690 .param/l "STATE_RINSE" 0 3 24, C4<101>;
P_0x7facdb7006d0 .param/l "STATE_SPIN" 0 3 25, C4<110>;
P_0x7facdb700710 .param/l "STATE_WASH" 0 3 23, C4<100>;
P_0x7facdb700750 .param/l "WASH_TIME" 0 3 29, C4<101>;
v0x7facdb700b80_0 .net "clock", 0 0, v0x7facdb711360_0;  1 drivers
v0x7facdb710c30_0 .var "fill_Water_Counter", 1 0;
v0x7facdb710ce0_0 .var "heat_Water_Counter", 1 0;
v0x7facdb710da0_0 .var "rinse_Counter", 1 0;
v0x7facdb710e50_0 .var "sig_Completed", 0 0;
v0x7facdb710f30_0 .var "sig_Full", 0 0;
v0x7facdb710fd0_0 .var "sig_Temperature", 0 0;
v0x7facdb711060_0 .var "spin_Counter", 1 0;
v0x7facdb711100_0 .net "state", 2 0, v0x7facdb711570_0;  1 drivers
v0x7facdb711230_0 .var "wash_Counter", 2 0;
E_0x7facdb700b40 .event posedge, v0x7facdb700b80_0;
    .scope S_0x7facdb700360;
T_0 ;
    %wait E_0x7facdb700b40;
    %load/vec4 v0x7facdb710c30_0;
    %cmpi/e 2, 0, 2;
    %jmp/0xz  T_0.0, 4;
    %pushi/vec4 1, 0, 1;
    %store/vec4 v0x7facdb710f30_0, 0, 1;
T_0.0 ;
    %load/vec4 v0x7facdb710ce0_0;
    %cmpi/e 3, 0, 2;
    %jmp/0xz  T_0.2, 4;
    %pushi/vec4 1, 0, 1;
    %store/vec4 v0x7facdb710fd0_0, 0, 1;
T_0.2 ;
    %load/vec4 v0x7facdb711230_0;
    %pushi/vec4 5, 0, 3;
    %cmp/e;
    %flag_get/vec4 4;
    %load/vec4 v0x7facdb710da0_0;
    %pushi/vec4 3, 0, 2;
    %cmp/e;
    %flag_get/vec4 4;
    %or;
    %load/vec4 v0x7facdb711060_0;
    %pushi/vec4 3, 0, 2;
    %cmp/e;
    %flag_get/vec4 4;
    %or;
    %flag_set/vec4 8;
    %jmp/0xz  T_0.4, 8;
    %pushi/vec4 1, 0, 1;
    %store/vec4 v0x7facdb710e50_0, 0, 1;
T_0.4 ;
    %load/vec4 v0x7facdb711100_0;
    %dup/vec4;
    %pushi/vec4 2, 0, 3;
    %cmp/u;
    %jmp/1 T_0.6, 6;
    %dup/vec4;
    %pushi/vec4 3, 0, 3;
    %cmp/u;
    %jmp/1 T_0.7, 6;
    %dup/vec4;
    %pushi/vec4 4, 0, 3;
    %cmp/u;
    %jmp/1 T_0.8, 6;
    %dup/vec4;
    %pushi/vec4 5, 0, 3;
    %cmp/u;
    %jmp/1 T_0.9, 6;
    %dup/vec4;
    %pushi/vec4 6, 0, 3;
    %cmp/u;
    %jmp/1 T_0.10, 6;
    %pushi/vec4 0, 0, 2;
    %store/vec4 v0x7facdb710c30_0, 0, 2;
    %pushi/vec4 0, 0, 2;
    %store/vec4 v0x7facdb710ce0_0, 0, 2;
    %pushi/vec4 0, 0, 3;
    %store/vec4 v0x7facdb711230_0, 0, 3;
    %pushi/vec4 0, 0, 2;
    %store/vec4 v0x7facdb710da0_0, 0, 2;
    %pushi/vec4 0, 0, 2;
    %store/vec4 v0x7facdb711060_0, 0, 2;
    %jmp T_0.12;
T_0.6 ;
    %load/vec4 v0x7facdb710c30_0;
    %addi 1, 0, 2;
    %store/vec4 v0x7facdb710c30_0, 0, 2;
    %jmp T_0.12;
T_0.7 ;
    %load/vec4 v0x7facdb710ce0_0;
    %addi 1, 0, 2;
    %store/vec4 v0x7facdb710ce0_0, 0, 2;
    %jmp T_0.12;
T_0.8 ;
    %load/vec4 v0x7facdb711230_0;
    %addi 1, 0, 3;
    %store/vec4 v0x7facdb711230_0, 0, 3;
    %jmp T_0.12;
T_0.9 ;
    %load/vec4 v0x7facdb710da0_0;
    %addi 1, 0, 2;
    %store/vec4 v0x7facdb710da0_0, 0, 2;
    %jmp T_0.12;
T_0.10 ;
    %load/vec4 v0x7facdb711060_0;
    %addi 1, 0, 2;
    %store/vec4 v0x7facdb711060_0, 0, 2;
    %jmp T_0.12;
T_0.12 ;
    %pop/vec4 1;
    %jmp T_0;
    .thread T_0;
    .scope S_0x7facdb7001f0;
T_1 ;
    %pushi/vec4 0, 0, 1;
    %store/vec4 v0x7facdb711360_0, 0, 1;
    %pushi/vec4 0, 0, 3;
    %store/vec4 v0x7facdb711570_0, 0, 3;
    %delay 1, 0;
    %pushi/vec4 1, 0, 1;
    %store/vec4 v0x7facdb711360_0, 0, 1;
    %delay 1, 0;
    %pushi/vec4 0, 0, 1;
    %store/vec4 v0x7facdb711360_0, 0, 1;
    %pushi/vec4 2, 0, 3;
    %store/vec4 v0x7facdb711570_0, 0, 3;
    %delay 1, 0;
    %pushi/vec4 1, 0, 1;
    %store/vec4 v0x7facdb711360_0, 0, 1;
    %delay 1, 0;
    %pushi/vec4 0, 0, 1;
    %store/vec4 v0x7facdb711360_0, 0, 1;
    %delay 1, 0;
    %pushi/vec4 1, 0, 1;
    %store/vec4 v0x7facdb711360_0, 0, 1;
    %delay 1, 0;
    %pushi/vec4 0, 0, 1;
    %store/vec4 v0x7facdb711360_0, 0, 1;
    %delay 1, 0;
    %pushi/vec4 1, 0, 1;
    %store/vec4 v0x7facdb711360_0, 0, 1;
    %end;
    .thread T_1;
# The file index is used to find the file name in the following table.
:file_names 4;
    "N/A";
    "<interactive>";
    "Timer_tb.v";
    "Timer.v";
